
> frontend@0.0.0 build
> vue-tsc -b && vite build

vite v8.0.0 building client environment for production...
[2Ktransforming...✓ 690 modules transformed.
rendering chunks...
computing gzip size...
dist/index.html                                        0.53 kB │ gzip:     0.31 kB
dist/assets/pdfium-C2HTfylD.wasm                   3,988.82 kB │ gzip: 2,038.37 kB
dist/assets/index-CXPGqsVL.css                        57.19 kB │ gzip:     9.77 kB
dist/assets/candidateActivity-Bxdrd_Hn.js              0.21 kB │ gzip:     0.15 kB
dist/assets/CandidateApplicationsView-uMCdaelV.js      4.16 kB │ gzip:     2.00 kB
dist/assets/LoginView-iuLyuw6H.js                      4.93 kB │ gzip:     2.41 kB
dist/assets/RegisterView-ClFJjTa1.js                   5.84 kB │ gzip:     2.59 kB
dist/assets/CandidateDashboardView-DRMW15mc.js        11.48 kB │ gzip:     4.30 kB
dist/assets/ResumeDetailView-C4zavRLh.js              13.50 kB │ gzip:     4.43 kB
dist/assets/ResumeListView-H19YLn0W.js                13.91 kB │ gzip:     4.79 kB
dist/assets/CandidateJobDetailView-NhjAeG5a.js        16.86 kB │ gzip:     5.06 kB
dist/assets/JobsView-DIGSwmCY.js                      18.19 kB │ gzip:     5.87 kB
dist/assets/JobDetailView-BsijMETh.js                 40.08 kB │ gzip:    12.79 kB
dist/assets/index-Fs-WvCw7.js                         58.68 kB │ gzip:    22.08 kB
dist/assets/api-mJtp5o7l.js                           98.88 kB │ gzip:    38.40 kB
dist/assets/DashboardView-a_IiuSXD.js                141.14 kB │ gzip:    48.24 kB
dist/assets/CandidateProfileView-Whmj-5r5.js         147.56 kB │ gzip:    41.86 kB
dist/assets/install-CIxS7D38.js                      457.15 kB │ gzip:   154.17 kB

✓ built in 451ms
